0 info it worked if it ends with ok
1 verbose cli [ '/usr/local/bin/iojs',
1 verbose cli   '/usr/local/bin/npm',
1 verbose cli   'i',
1 verbose cli   '--save',
1 verbose cli   'https://github.com/mog422/msgpack-node/archive/msgpack-1.1.0.zip' ]
2 info using npm@2.14.2
3 info using node@v4.0.0
4 verbose install initial load of /Volumes/xantrax/secfun/yo/package.json
5 warn package.json yo@1.0.0 No description
6 warn package.json yo@1.0.0 No repository field.
7 warn package.json yo@1.0.0 No README data
8 verbose installManyTop reading scoped package data from /Volumes/xantrax/secfun/yo/node_modules/koa-conditional-get/package.json
9 verbose installManyTop reading scoped package data from /Volumes/xantrax/secfun/yo/node_modules/koa-etag/package.json
10 verbose installManyTop reading scoped package data from /Volumes/xantrax/secfun/yo/node_modules/koa-gzip/package.json
11 verbose installManyTop reading scoped package data from /Volumes/xantrax/secfun/yo/node_modules/koa-static/package.json
12 verbose installManyTop reading scoped package data from /Volumes/xantrax/secfun/yo/node_modules/koa.io/package.json
13 verbose installManyTop reading scoped package data from /Volumes/xantrax/secfun/yo/node_modules/yub/package.json
14 verbose readDependencies loading dependencies from /Volumes/xantrax/secfun/yo/package.json
15 silly cache add args [ 'https://github.com/mog422/msgpack-node/archive/msgpack-1.1.0.zip',
15 silly cache add   null ]
16 verbose cache add spec https://github.com/mog422/msgpack-node/archive/msgpack-1.1.0.zip
17 silly cache add parsed spec Result {
17 silly cache add   raw: 'https://github.com/mog422/msgpack-node/archive/msgpack-1.1.0.zip',
17 silly cache add   scope: null,
17 silly cache add   name: null,
17 silly cache add   rawSpec: 'https://github.com/mog422/msgpack-node/archive/msgpack-1.1.0.zip',
17 silly cache add   spec: 'https://github.com/mog422/msgpack-node/archive/msgpack-1.1.0.zip',
17 silly cache add   type: 'remote' }
18 silly mapToRegistry name https://github.com/mog422/msgpack-node/archive/msgpack-1.1.0.zip
19 silly mapToRegistry using default registry
20 silly mapToRegistry registry https://registry.npmjs.org/
21 silly mapToRegistry uri https://github.com/mog422/msgpack-node/archive/msgpack-1.1.0.zip
22 verbose addRemoteTarball https://github.com/mog422/msgpack-node/archive/msgpack-1.1.0.zip not in flight; adding
23 verbose addRemoteTarball [ 'https://github.com/mog422/msgpack-node/archive/msgpack-1.1.0.zip',
23 verbose addRemoteTarball   null ]
24 info retry fetch attempt 1 at 14:53:51
25 info attempt registry request try #1 at 14:53:51
26 http fetch GET https://github.com/mog422/msgpack-node/archive/msgpack-1.1.0.zip
27 verbose request id 83d188a9ae782431
28 http fetch 200 https://github.com/mog422/msgpack-node/archive/msgpack-1.1.0.zip
29 silly fetchAndShaCheck shasum 8390ce16236361c31cf6dbb6011cbee605374531
30 verbose addTmpTarball /var/folders/zk/n6tbkv396qj26k7b11vv3xxm0000gn/T/npm-3009-7dd835be/github.com/mog422/msgpack-node/archive/msgpack-1.1.0.zip not in flight; adding
31 verbose addTmpTarball validating metadata from /var/folders/zk/n6tbkv396qj26k7b11vv3xxm0000gn/T/npm-3009-7dd835be/github.com/mog422/msgpack-node/archive/msgpack-1.1.0.zip
32 verbose tar unpack /var/folders/zk/n6tbkv396qj26k7b11vv3xxm0000gn/T/npm-3009-7dd835be/github.com/mog422/msgpack-node/archive/msgpack-1.1.0.zip
33 verbose tar unpacking to /var/folders/zk/n6tbkv396qj26k7b11vv3xxm0000gn/T/npm-3009-7dd835be/unpack-103e608d915b
34 silly gentlyRm /var/folders/zk/n6tbkv396qj26k7b11vv3xxm0000gn/T/npm-3009-7dd835be/unpack-103e608d915b is being purged
35 verbose gentlyRm don't care about contents; nuking /var/folders/zk/n6tbkv396qj26k7b11vv3xxm0000gn/T/npm-3009-7dd835be/unpack-103e608d915b
36 silly gunzTarPerm modes [ '755', '644' ]
37 error not a package /var/folders/zk/n6tbkv396qj26k7b11vv3xxm0000gn/T/npm-3009-7dd835be/github.com/mog422/msgpack-node/archive/msgpack-1.1.0.zip
38 verbose stack Error: ENOENT: no such file or directory, open '/var/folders/zk/n6tbkv396qj26k7b11vv3xxm0000gn/T/npm-3009-7dd835be/unpack-103e608d915b/package.json'
38 verbose stack     at Error (native)
39 verbose cwd /Volumes/xantrax/secfun/yo
40 error Darwin 15.0.0
41 error argv "/usr/local/bin/iojs" "/usr/local/bin/npm" "i" "--save" "https://github.com/mog422/msgpack-node/archive/msgpack-1.1.0.zip"
42 error node v4.0.0
43 error npm  v2.14.2
44 error path /var/folders/zk/n6tbkv396qj26k7b11vv3xxm0000gn/T/npm-3009-7dd835be/unpack-103e608d915b/package.json
45 error code ENOENT
46 error errno -2
47 error syscall open
48 error enoent ENOENT: no such file or directory, open '/var/folders/zk/n6tbkv396qj26k7b11vv3xxm0000gn/T/npm-3009-7dd835be/unpack-103e608d915b/package.json'
48 error enoent This is most likely not a problem with npm itself
48 error enoent and is related to npm not being able to find a file.
49 verbose exit [ -2, true ]
